aplus启动了...
2016-11-11 14:55:05|main|INFO|Mybatis加载了|MybatisConfig.java|16|
2016-11-11 14:55:05|main|INFO|camel配置启动...|CamelConfig.java|16|
2016-11-11 14:55:05|main|INFO|Started BatchTest in 43.137 seconds (JVM running for 44.715)|StartupInfoLogger.java|57|
2016-11-11 14:55:05|SimpleAsyncTaskExecutor-1|DEBUG|===================================>>agent端启动中|BatchAgentConfig.java|44|
2016-11-11 14:55:05|SimpleAsyncTaskExecutor-1|DEBUG|服务器启动....,端口:9999|ProtoAccepter.java|67|
2016-11-11 14:55:17|main|DEBUG|==>  Preparing: select LEG_PER_COD, PRV_COD, DEP_COD, TRN_DEP, PART_NO, TAL_DEP, OPN_DEP, GROUP_COD, ORIG_FROM, PROD_COD, CRD_CENT, CERT_TYPE, CERT_NUM, CUS_NO, CON_NO, DUE_NUM, DUE_NUM_UN, DUE_TYPE, BRW_NAME, AMT, RCV_DATE, BEG_DATE, END_DATE, BEG_ITR_DATE, PRE_PAY_ITR_DATE, STS, CLS_FLG, DEVA_STS, CURR_COD, PRM_CLS, AST_CLS, BUS_COD, PRM_PAY_TYP, AST_PAY_TYP, CUR_PRM_PAY_TYP, CUR_AST_PAY_TYP, FIX_RATE_FLAG, ITR_RATE_WAY, NOR_ITR_RATE, DEL_ITR_RATE, CPD_ITR_RATE, REL_ITR_RATE, CUS_PAY_PLAN_TYPE, CASPAN, CAL_DAYS, PAY_DATE, DIST_DAYS, ITR_CAL_RULE, AFTER_CASPAN, AFTER_PAY_DATE, FORW_PROV_DATE, NEXT_PROV_DATE, DISC_FLAG, ITR_FRE_FLG, ITR_FRE_CYL, FREE_PROC_TYPE, ITR_FRE_TERM, CEAS_FLG, CEAS_TYPE, CEAS_DATE, CEAS_DISC_FLAG, END_DISC_FLAG, HLD_FLG, HLD_PRN_WAY, HLD_ITR_WAY, GRA_PERD_FLG, GRA_PRD_TYP, GRA_PRN_DAYS, GRA_ITR_DAYS, GRA_PRD_PRN_WAY, GRA_PRD_ITR_WAY, CAL_ITR_FLAG, ACR_ITR_FLG, ACR_ITR_FLG_B, ACR_ITR_TYP, ACR_NEXT_DATE, CEAS_IMP_FLAG, ITR_SETTLE_TYPE, SETT_PNS_TYPE, IPR_PVS_BASE_RULE, ITR_CHG_FLG, COUNTER_FLG, PAY_ORDER, BAT_FLG, BAT_TYPE, OVER_DATE, STUD_PERD, CLEAR_FLG, CHG_PAY_DAY_FLG, DEAL_FLG, DEVA_DATE, ACC_OTD_DATE, ACR_DATE, CLOSE_DATE, LAST_DATE, STAN,PROP_FLG, VERSION from TB_SUP_LOAN_INFO a WHERE LEG_PER_COD = ? AND TAL_DEP = ? AND DUE_NUM = ? |JakartaCommonsLoggingImpl.java|54|
2016-11-11 14:55:18|main|DEBUG|==> Parameters: 10000(String), 10004(String), jin0100(String)|JakartaCommonsLoggingImpl.java|54|
2016-11-11 14:55:18|main|DEBUG|<==      Total: 1|JakartaCommonsLoggingImpl.java|54|
2016-11-11 14:55:55|main|DEBUG|==>  Preparing: SELECT LEG_PER_COD, ORIG_FROM, STS, VERSION FROM TC_SUP_ORIG_FROM WHERE LEG_PER_COD = ? AND ORIG_TYPE = ? |JakartaCommonsLoggingImpl.java|54|
2016-11-11 14:55:55|main|DEBUG|==> Parameters: 10000(String), 1(String)|JakartaCommonsLoggingImpl.java|54|
2016-11-11 14:55:55|main|DEBUG|<==      Total: 1|JakartaCommonsLoggingImpl.java|54|
2016-11-11 14:55:55|main|DEBUG|==>  Preparing: SELECT TASK_COD, LEG_PER_COD, ORIG_FROM, CONT1, CONT2, CONT3, CONT4, CONT5, CONT6, CONT7, CONT8, STG_COD, VERSION FROM TC_SUP_BATH_STG_INFO WHERE TASK_COD = ? AND LEG_PER_COD = ? AND ORIG_FROM = ? AND CONT1 = ? AND CONT2 = ? AND CONT3 = ? AND CONT4 = ? AND CONT5 = ? AND CONT6 = ? |JakartaCommonsLoggingImpl.java|54|
2016-11-11 14:55:55|main|DEBUG|==> Parameters: DCM_itr_accrual(String), 10000(String), 99999(String), 01(String), 000(String), 01(String), 00(String), 0(String), 1(String)|JakartaCommonsLoggingImpl.java|54|
2016-11-11 14:55:55|main|DEBUG|<==      Total: 1|JakartaCommonsLoggingImpl.java|54|
2016-11-11 14:55:55|main|INFO|----------------------------------------------------|TcSupBathStgInfoServiceImpl.java|58|
2016-11-11 14:55:55|main|INFO|---------进入的序列：DM_itr_accrual_00000_01000_0100_0_1------------|TcSupBathStgInfoServiceImpl.java|59|
2016-11-11 14:55:55|main|INFO|----------------------------------------------------|TcSupBathStgInfoServiceImpl.java|60|
2016-11-11 14:57:19|main|DEBUG|==>  Preparing: SELECT STG_COD, EXEC_NUM, METHOD_NAME, METHOD_RMK, PARAM_NUM, PARAM_TYP, PARAM_NAME, PM_CF_COD,CLASS_NAME, COMMENTS FROM TC_SUP_PRM_CFG_INFO_EOD WHERE STG_COD = ? ORDER BY TO_NUMBER(EXEC_NUM),TO_NUMBER(PARAM_NUM) |JakartaCommonsLoggingImpl.java|54|
2016-11-11 14:57:19|main|DEBUG|==> Parameters: DM_itr_accrual_00000_01000_0100_0_1(String)|JakartaCommonsLoggingImpl.java|54|
2016-11-11 14:57:19|main|DEBUG|<==      Total: 40|JakartaCommonsLoggingImpl.java|54|
2016-11-11 14:57:19|main|DEBUG|执行序号：1|AppAbsProcessor.java|113|
2016-11-11 14:57:19|main|DEBUG|==>  Preparing: SELECT STANSEQ.NEXTVAL from dual |JakartaCommonsLoggingImpl.java|54|
2016-11-11 14:57:19|main|DEBUG|==> Parameters: |JakartaCommonsLoggingImpl.java|54|
2016-11-11 14:57:19|main|DEBUG|<==      Total: 1|JakartaCommonsLoggingImpl.java|54|
2016-11-11 14:57:19|main|DEBUG|执行序号：2|AppAbsProcessor.java|113|
2016-11-11 14:57:19|main|DEBUG|==>  Preparing: select LEG_PER_COD, PRV_COD, DEP_COD, TRN_DEP, PART_NO, TAL_DEP, OPN_DEP, GROUP_COD, CUS_NO, DUE_NUM, DUE_NUM_UN, BRW_NAME, CURR_COD, NOR_BAL_ZZ, BASE_AMT, RES_NOR, NOR_BAL_101, NOR_OTD_101, NOR_ITR_101, NOR_PNS_ITR_101, DVL_BAL_102, DVL_OTD_102, DVL_ITR_102, DVL_PNS_ITR_102, IN_NOR_BAL_206, IN_NOR_OTD_206, IN_NOR_ITR_206, IN_NOR_PNS_ITR_206, OUT_NOR_BAL_209, OUT_NOR_OTD_209, OUT_NOR_ITR_209, OUT_NOR_PNS_ITR_209, IN_DFT_BAL_207, IN_DFT_OTD_207, IN_DFT_PNS_ITR_207, OUT_DFT_BAL_210, OUT_DFT_OTD_210, OUT_DFT_PNS_ITR_210, IN_PNS_BAL_208, OUT_PNS_BAL_211, NOR_ITR_ADJ_BAL_303, DVL_ITR_ADJ_BAL_304, AMZ_ITR_BAL_215, IN_ACR_ITR_BAL_205, OUT_ACR_ITR_BAL_220, IPR_PVS_BAL_514, IPR_LOS_BAL_515, NOR_PRN_ICM_BAL_416, DFT_PRN_ICM_BAL_417, OFT_PRN_BAL_112, OFT_ITR_BAL_213, OFT_ACR_ITR_BAL_224, FRE_ICM_BAL_817, PNT_ICM_BAL_725, PFT_LOS_BAL_723, IN_DUT_BAL_222, RCV_BAD_DBT_526, RCV_BAD_DBT_LOS_527, OUT_DUT_BAL_228, SECU_AST_PRN_BAL_129, SECU_AST_ITR_BAL_230, RPS_AST_131, RPS_AST_LOS_532, RPS_AST_DIM_533, RPS_AST_FRE_734, RPS_AST_EXP_735, PRO_PFT_LOS_736, RPS_AST_RCV_237, OUT_DUT_BAL_38, RMK_BAL_39, RMK_BAL_40, RMK_BAL_41, RMK_BAL_42, RMK_BAL_43, RMK_BAL_44, RMK_BAL_45, RMK_BAL_46, RMK_BAL_47, RMK_BAL_48, RMK_BAL_49, RMK_BAL_50, RMK_BAL_51, RMK_BAL_52, RMK_BAL_53, RMK_BAL_54, RMK_BAL_55, STOP_ITR_BAL, MOVE_SUBD_BAL, ART_COST, ART_COST_OTD, ACC_CTL, BUS_LST_DATE, DAC from TB_SUP_ACCOUNT_INFO a WHERE LEG_PER_COD = ? AND TAL_DEP = ? AND DUE_NUM = ? |JakartaCommonsLoggingImpl.java|54|
2016-11-11 14:57:19|main|DEBUG|==> Parameters: 10000(String), 10004(String), jin0100(String)|JakartaCommonsLoggingImpl.java|54|
2016-11-11 14:57:19|main|DEBUG|<==      Total: 1|JakartaCommonsLoggingImpl.java|54|
2016-11-11 14:57:19|main|DEBUG|执行序号：3|AppAbsProcessor.java|113|
2016-11-11 15:04:29|main|DEBUG|执行序号：4|AppAbsProcessor.java|113|
2016-11-11 15:05:32|main|DEBUG|执行序号：5|AppAbsProcessor.java|113|
2016-11-11 15:06:43|main|DEBUG|************************procData:{1:205:1.17}|FnPrpTbSupTranEvt.java|85|
2016-11-11 15:06:43|main|DEBUG|执行序号：6|AppAbsProcessor.java|113|
2016-11-11 15:10:12|main|DEBUG|执行序号：7|AppAbsProcessor.java|113|
2016-11-11 15:11:10|main|DEBUG|************************procData:{1:205:0.00}|FnPrpTbSupTranEvt.java|85|
2016-11-11 15:11:10|main|DEBUG|执行序号：8|AppAbsProcessor.java|113|
2016-11-11 15:11:10|main|DEBUG|执行序号：9|AppAbsProcessor.java|113|
2016-11-11 15:12:42|main|DEBUG|==>  Preparing: select LEG_PER_COD, EVT_COD, EVT_DESC, JOUR_ENT_COD, JOUR_ENT_DESC, EVT_ALS_RUL, VERSION from TC_SUP_TRAN_EVT_JOUR_ENT a WHERE LEG_PER_COD = ? AND EVT_COD = ? |JakartaCommonsLoggingImpl.java|54|
2016-11-11 15:12:42|main|DEBUG|==> Parameters: 10000(String), 103001(String)|JakartaCommonsLoggingImpl.java|54|
2016-11-11 15:12:42|main|DEBUG|<==      Total: 1|JakartaCommonsLoggingImpl.java|54|
2016-11-11 15:19:49|main|DEBUG|==>  Preparing: select JOUR_ENT_COD, SEQ_NO, ACC_TYP, CURR_COD, BRW_LGO, VERSION from TC_SUP_JOUR_ENT_REL_MOD a where JOUR_ENT_COD = ? and SEQ_NO = ? |JakartaCommonsLoggingImpl.java|54|
2016-11-11 15:19:49|main|DEBUG|==> Parameters: A11000(String), 1(Long)|JakartaCommonsLoggingImpl.java|54|
2016-11-11 15:19:49|main|DEBUG|<==      Total: 1|JakartaCommonsLoggingImpl.java|54|
2016-11-11 15:19:49|main|DEBUG|==>  Preparing: select LEG_PER_COD, BUS_COD, BUS_COD_NAME, CURR_COD, ACC_TYP, ACC_NAME, ACC_CLS, BAL_DIRT, OVERDRAFT_FLG, STD_COD, SECU_AST_STD_ACC, VERSION from TC_SUP_LOAN_TYPE_INFO where LEG_PER_COD = ? and BUS_COD = ? and CURR_COD = ? and ACC_TYP = ? |JakartaCommonsLoggingImpl.java|54|
2016-11-11 15:19:49|main|DEBUG|==> Parameters: 10000(String), A10000(String), 01(String), 205(String)|JakartaCommonsLoggingImpl.java|54|
2016-11-11 15:19:49|main|DEBUG|<==      Total: 1|JakartaCommonsLoggingImpl.java|54|
2016-11-11 15:19:49|main|DEBUG|calcuBalAddForD baldirt:D|TbSupAccountInfoServiceImpl.java|391|
2016-11-11 15:19:49|main|DEBUG|calcuBalAddForD brwLgo:D|TbSupAccountInfoServiceImpl.java|392|
2016-11-11 15:19:49|main|DEBUG|calcuBalAddForD baseNum:0|TbSupAccountInfoServiceImpl.java|393|
2016-11-11 15:19:49|main|DEBUG|calcuBalAddForD payamt:1.17|TbSupAccountInfoServiceImpl.java|394|
2016-11-11 15:19:49|main|DEBUG|tcSupLoanTypeInfo.getOverdraftFlg():1|TbSupAccountInfoServiceImpl.java|362|
2016-11-11 15:19:49|main|DEBUG|balance:1.17|TbSupAccountInfoServiceImpl.java|363|
2016-11-11 15:19:49|main|DEBUG|==>  Preparing: insert into TB_SUP_WATER_A (RCV_DATE, LEG_PER_COD, PRV_COD, DEP_COD, TRN_DEP, PART_NO, TAL_DEP, OPN_DEP, GROUP_COD, ACC_SYS_DATE, ACC_SYS_STAN, TRAN_FROM,ORIG_FROM, SUP_STAN, SEQ_NO, RCN_STAN, REL_STAN, TRAN_COD, TRAN_SEQ_NAME, EVT_COD, JOUR_ENT_COD, JOUR_ENT_SEQ, CUS_NO, DUE_NUM, DUE_NUM_UN, BRW_NAME, PRM_CLS, AST_CLS, BUS_COD, CURR_COD, ACC_CLS, ACC_TYP, OVERDRAFT_FLG, BRW_LGO, PAY_AMT, REL_TIM_BAL, BAL_DIRT, STD_COD, SUMMARY, RECALL, PRIM_ACCT_TYP, PRIM_ACCT, PRIM_OPEN_DEP, SORT_SEQ, CUST_ACC, TRN_NM_COD, MATH_FLG, SND_ACC_PLT_FLG, CHBK_FIL_NM, CHBK_FIL_SEQ, ACCT_DATE, TRN_TM, HOST_TM, OPR, AUT, VERSION ) values (?, ?, ?, ?, ?, ?, ?, ?, ?, ?, ?, ?, ?, ?, ?, ?, ?, ?, ?, ?, ?, ?, ?, ?, ?, ?, ?, ?, ?, ?, ?, ?, ?, ?, ?, ?, ?, ?, ?, ?, ?, ?, ?, ?, ?, ?, ?, ?, ?, ?, ?, ?, ?, ?, ?, ? ) |JakartaCommonsLoggingImpl.java|54|
2016-11-11 15:19:49|main|DEBUG|==> Parameters: 20150115(String), 10000(String), null, 10006(String), null, null, 10004(String), 10005(String), null, 20150115(String), 9405(Long), 99999(String), 99999(String), 9405(Long), 1(Long), 9405(Long), 9405(Long), DCM_itr_accrual(String), DM_itr_accrual_00000_01000_0100_0_1(String), 103001(String), A11000(String), 1(Long), 1000000(String), jin0100(String), jin0100(String), 高伟达软件(String), 01(String), 000(String), A10000(String), 01(String), 1(String), 205(String), 1(String), D(String), 1.17(BigDecimal), 1.17(BigDecimal), D(String), 205(String), 103001(String), 0(String), null, null, null, 1(Long), 205(String), null, (String), (String), (String), (String), 20150115(String), null, 20161111150643(String), null, null, null|JakartaCommonsLoggingImpl.java|54|
2016-11-11 15:19:49|main|DEBUG|<==    Updates: 1|JakartaCommonsLoggingImpl.java|54|
2016-11-11 15:19:49|main|DEBUG|==>  Preparing: select JOUR_ENT_COD, SEQ_NO, ACC_TYP, CURR_COD, BRW_LGO, VERSION from TC_SUP_JOUR_ENT_REL_MOD a where JOUR_ENT_COD = ? and SEQ_NO = ? |JakartaCommonsLoggingImpl.java|54|
2016-11-11 15:19:49|main|DEBUG|==> Parameters: A11000(String), 2(Long)|JakartaCommonsLoggingImpl.java|54|
2016-11-11 15:19:49|main|DEBUG|<==      Total: 1|JakartaCommonsLoggingImpl.java|54|
2016-11-11 15:19:49|main|DEBUG|==>  Preparing: select LEG_PER_COD, BUS_COD, BUS_COD_NAME, CURR_COD, ACC_TYP, ACC_NAME, ACC_CLS, BAL_DIRT, OVERDRAFT_FLG, STD_COD, SECU_AST_STD_ACC, VERSION from TC_SUP_LOAN_TYPE_INFO where LEG_PER_COD = ? and BUS_COD = ? and CURR_COD = ? and ACC_TYP = ? |JakartaCommonsLoggingImpl.java|54|
2016-11-11 15:19:49|main|DEBUG|==> Parameters: 10000(String), A10000(String), 01(String), 416(String)|JakartaCommonsLoggingImpl.java|54|
2016-11-11 15:19:49|main|DEBUG|<==      Total: 1|JakartaCommonsLoggingImpl.java|54|
2016-11-11 15:19:49|main|DEBUG|tcSupLoanTypeInfo.getOverdraftFlg():1|TbSupAccountInfoServiceImpl.java|362|
2016-11-11 15:19:49|main|DEBUG|balance:1.17|TbSupAccountInfoServiceImpl.java|363|
2016-11-11 15:19:49|main|DEBUG|==>  Preparing: insert into TB_SUP_WATER_A (RCV_DATE, LEG_PER_COD, PRV_COD, DEP_COD, TRN_DEP, PART_NO, TAL_DEP, OPN_DEP, GROUP_COD, ACC_SYS_DATE, ACC_SYS_STAN, TRAN_FROM,ORIG_FROM, SUP_STAN, SEQ_NO, RCN_STAN, REL_STAN, TRAN_COD, TRAN_SEQ_NAME, EVT_COD, JOUR_ENT_COD, JOUR_ENT_SEQ, CUS_NO, DUE_NUM, DUE_NUM_UN, BRW_NAME, PRM_CLS, AST_CLS, BUS_COD, CURR_COD, ACC_CLS, ACC_TYP, OVERDRAFT_FLG, BRW_LGO, PAY_AMT, REL_TIM_BAL, BAL_DIRT, STD_COD, SUMMARY, RECALL, PRIM_ACCT_TYP, PRIM_ACCT, PRIM_OPEN_DEP, SORT_SEQ, CUST_ACC, TRN_NM_COD, MATH_FLG, SND_ACC_PLT_FLG, CHBK_FIL_NM, CHBK_FIL_SEQ, ACCT_DATE, TRN_TM, HOST_TM, OPR, AUT, VERSION ) values (?, ?, ?, ?, ?, ?, ?, ?, ?, ?, ?, ?, ?, ?, ?, ?, ?, ?, ?, ?, ?, ?, ?, ?, ?, ?, ?, ?, ?, ?, ?, ?, ?, ?, ?, ?, ?, ?, ?, ?, ?, ?, ?, ?, ?, ?, ?, ?, ?, ?, ?, ?, ?, ?, ?, ? ) |JakartaCommonsLoggingImpl.java|54|
2016-11-11 15:19:49|main|DEBUG|==> Parameters: 20150115(String), 10000(String), null, 10006(String), null, null, 10004(String), 10005(String), null, 20150115(String), 9405(Long), 99999(String), 99999(String), 9405(Long), 2(Long), 9405(Long), 9405(Long), DCM_itr_accrual(String), DM_itr_accrual_00000_01000_0100_0_1(String), 103001(String), A11000(String), 2(Long), 1000000(String), jin0100(String), jin0100(String), 高伟达软件(String), 01(String), 000(String), A10000(String), 01(String), 1(String), 416(String), 1(String), C(String), 1.17(BigDecimal), 1.17(BigDecimal), C(String), 416(String), 103001(String), 0(String), null, null, null, 2(Long), 416(String), null, (String), (String), (String), (String), 20150115(String), null, 20161111150643(String), null, null, null|JakartaCommonsLoggingImpl.java|54|
2016-11-11 15:19:49|main|DEBUG|<==    Updates: 1|JakartaCommonsLoggingImpl.java|54|
2016-11-11 15:19:49|main|DEBUG|==>  Preparing: select LEG_PER_COD, EVT_COD, EVT_DESC, JOUR_ENT_COD, JOUR_ENT_DESC, EVT_ALS_RUL, VERSION from TC_SUP_TRAN_EVT_JOUR_ENT a WHERE LEG_PER_COD = ? AND EVT_COD = ? |JakartaCommonsLoggingImpl.java|54|
2016-11-11 15:19:49|main|DEBUG|==> Parameters: 10000(String), 103002(String)|JakartaCommonsLoggingImpl.java|54|
2016-11-11 15:19:49|main|DEBUG|<==      Total: 1|JakartaCommonsLoggingImpl.java|54|
2016-11-11 15:20:05|main|DEBUG|==>  Preparing: update TB_SUP_ACCOUNT_INFO SET BASE_AMT = ?, RES_NOR = ?, NOR_BAL_101 = ?, NOR_OTD_101 = ?, NOR_ITR_101 = ?, NOR_PNS_ITR_101 = ?, DVL_BAL_102 = ?, DVL_OTD_102 = ?, DVL_ITR_102 = ?, DVL_PNS_ITR_102 = ?, IN_NOR_BAL_206 = ?, IN_NOR_OTD_206 = ?, IN_NOR_ITR_206 = ?, IN_NOR_PNS_ITR_206 = ?, OUT_NOR_BAL_209 = ?, OUT_NOR_OTD_209 = ?, OUT_NOR_ITR_209 = ?, OUT_NOR_PNS_ITR_209 = ?, IN_DFT_BAL_207 = ?, IN_DFT_OTD_207 = ?, IN_DFT_PNS_ITR_207 = ?, OUT_DFT_BAL_210 = ?, OUT_DFT_OTD_210 = ?, OUT_DFT_PNS_ITR_210 = ?, IN_PNS_BAL_208 = ?, OUT_PNS_BAL_211 = ?, NOR_ITR_ADJ_BAL_303 = ?, DVL_ITR_ADJ_BAL_304 = ?, AMZ_ITR_BAL_215 = ?, IN_ACR_ITR_BAL_205 = ?, OUT_ACR_ITR_BAL_220 = ?, IPR_PVS_BAL_514 = ?, IPR_LOS_BAL_515 = ?, NOR_PRN_ICM_BAL_416 = ?, DFT_PRN_ICM_BAL_417 = ?, OFT_PRN_BAL_112 = ?, OFT_ITR_BAL_213 = ?, OFT_ACR_ITR_BAL_224 = ?, FRE_ICM_BAL_817 = ?, PNT_ICM_BAL_725 = ?, PFT_LOS_BAL_723 = ?, IN_DUT_BAL_222 = ?, RCV_BAD_DBT_526 = ?, RCV_BAD_DBT_LOS_527 = ?, OUT_DUT_BAL_228 = ?, SECU_AST_PRN_BAL_129 = ?, SECU_AST_ITR_BAL_230 = ?, RPS_AST_131 = ?, RPS_AST_LOS_532 = ?, RPS_AST_DIM_533 = ?, RPS_AST_FRE_734 = ?, RPS_AST_EXP_735 = ?, PRO_PFT_LOS_736 = ?, RPS_AST_RCV_237 = ?, OUT_DUT_BAL_38 = ?, NOR_BAL_ZZ = ?, RMK_BAL_39 = ?, RMK_BAL_40 = ?, RMK_BAL_41 = ?, RMK_BAL_42 = ?, RMK_BAL_43 = ?, RMK_BAL_44 = ?, RMK_BAL_45 = ?, RMK_BAL_46 = ?, RMK_BAL_47 = ?, RMK_BAL_48 = ?, RMK_BAL_49 = ?, RMK_BAL_50 = ?, RMK_BAL_51 = ?, RMK_BAL_52 = ?, RMK_BAL_53 = ?, RMK_BAL_54 = ?, RMK_BAL_55 = ?, STOP_ITR_BAL = ?, MOVE_SUBD_BAL = ?, ART_COST = ?, ART_COST_OTD = ?, ACC_CTL = ?, BUS_LST_DATE = ?, DAC = ? WHERE LEG_PER_COD = ? AND TAL_DEP = ? AND DUE_NUM = ? |JakartaCommonsLoggingImpl.java|54|
2016-11-11 15:20:05|main|DEBUG|==> Parameters: 10000(BigDecimal), 10000(BigDecimal), 10000(BigDecimal), 0(BigDecimal), 0.000(BigDecimal), 0.000(BigDecimal), 0(BigDecimal), 0(BigDecimal), 0.000(BigDecimal), 0.000(BigDecimal), 0(BigDecimal), 0(BigDecimal), 0(BigDecimal), 0.000(BigDecimal), 0(BigDecimal), 0(BigDecimal), 0(BigDecimal), 0.000(BigDecimal), 0(BigDecimal), 0(BigDecimal), 0.000(BigDecimal), 0(BigDecimal), 0(BigDecimal), 0.000(BigDecimal), 0(BigDecimal), 0(BigDecimal), 0(BigDecimal), 0(BigDecimal), 0(BigDecimal), 1.17(BigDecimal), 0(BigDecimal), 0(BigDecimal), 0(BigDecimal), 1.17(BigDecimal), 0(BigDecimal), 0(BigDecimal), 0(BigDecimal), 0(BigDecimal), 0(BigDecimal), 0(BigDecimal), 0(BigDecimal), 0(BigDecimal), 0(BigDecimal), 0(BigDecimal), 0(BigDecimal), 0(BigDecimal), 0(BigDecimal), 0(BigDecimal), 0(BigDecimal), 0(BigDecimal), 0(BigDecimal), 0(BigDecimal), 0(BigDecimal), 0(BigDecimal), 0(BigDecimal), 10000(BigDecimal), 0(BigDecimal), 0(BigDecimal), 0(BigDecimal), 0(BigDecimal), 0(BigDecimal), 0(BigDecimal), 0(BigDecimal), 0(BigDecimal), 0(BigDecimal), 0(BigDecimal), 0(BigDecimal), 0(BigDecimal), 0(BigDecimal), 0(BigDecimal), 0(BigDecimal), 0(BigDecimal), 0(BigDecimal), 0(BigDecimal), 0(BigDecimal), 10000(BigDecimal), 0.000(BigDecimal), 100000000001000100000000000000000000000000000000000000000000000000000000000000000000000000(String), 20150115(String), 000000000000000000000000000000000000000000000000000000000000000000000000000000000000000000(String), 10000(String), 10004(String), jin0100(String)|JakartaCommonsLoggingImpl.java|54|
2016-11-11 15:20:05|main|DEBUG|<==    Updates: 1|JakartaCommonsLoggingImpl.java|54|
2016-11-11 15:20:05|main|DEBUG|执行序号：10|AppAbsProcessor.java|113|
2016-11-11 15:21:00|main|DEBUG|执行序号：11|AppAbsProcessor.java|113|
2016-11-11 15:21:58|main|DEBUG|==>  Preparing: update TB_SUP_LOAN_INFO SET ACR_NEXT_DATE = ?, ACR_DATE = ? WHERE LEG_PER_COD = ? AND TAL_DEP = ? AND DUE_NUM = ? |JakartaCommonsLoggingImpl.java|54|
2016-11-11 15:21:58|main|DEBUG|==> Parameters: 20150116(String), 20150115(String), 10000(String), 10004(String), jin0100(String)|JakartaCommonsLoggingImpl.java|54|
2016-11-11 15:21:58|main|DEBUG|<==    Updates: 1|JakartaCommonsLoggingImpl.java|54|
2016-11-11 15:22:00|Thread-2|DEBUG|清除SpringContextHolder中的ApplicationContext:org.springframework.context.annotation.AnnotationConfigApplicationContext@4b629f13: startup date [Fri Nov 11 14:54:23 CST 2016]; root of context hierarchy|SpringContextHolder.java|87|
2016-11-11 15:22:00|Thread-2|DEBUG|清除SpringContextHolder中的ApplicationContext:null|SpringContextHolder.java|87|